{"C:\\Users\\Quentin\\Documents\\code projet\\noWaste\\app\\_layout.tsx": {"path":"C:\\Users\\Quentin\\Documents\\code projet\\noWaste\\app\\_layout.tsx","statementMap":{"0":{"start":{"line":11,"column":24},"end":{"line":11,"column":49}},"1":{"start":{"line":13,"column":0},"end":{"line":41,"column":3}},"2":{"start":{"line":14,"column":2},"end":{"line":40,"column":3}},"3":{"start":{"line":15,"column":18},"end":{"line":15,"column":47}},"4":{"start":{"line":16,"column":16},"end":{"line":16,"column":26}},"5":{"start":{"line":17,"column":21},"end":{"line":17,"column":31}},"6":{"start":{"line":18,"column":4},"end":{"line":18,"column":40}},"7":{"start":{"line":20,"column":29},"end":{"line":22,"column":77}},"8":{"start":{"line":24,"column":4},"end":{"line":33,"column":5}},"9":{"start":{"line":25,"column":6},"end":{"line":32,"column":9}},"10":{"start":{"line":35,"column":4},"end":{"line":35,"column":18}},"11":{"start":{"line":36,"column":4},"end":{"line":36,"column":57}},"12":{"start":{"line":38,"column":4},"end":{"line":38,"column":54}},"13":{"start":{"line":39,"column":4},"end":{"line":39,"column":56}},"14":{"start":{"line":44,"column":23},"end":{"line":44,"column":79}},"15":{"start":{"line":45,"column":2},"end":{"line":51,"column":3}},"16":{"start":{"line":46,"column":4},"end":{"line":50,"column":7}},"17":{"start":{"line":55,"column":2},"end":{"line":75,"column":9}},"18":{"start":{"line":57,"column":6},"end":{"line":63,"column":9}},"19":{"start":{"line":58,"column":41},"end":{"line":62,"column":9}},"20":{"start":{"line":64,"column":25},"end":{"line":64,"column":70}},"21":{"start":{"line":65,"column":6},"end":{"line":68,"column":7}},"22":{"start":{"line":66,"column":8},"end":{"line":66,"column":59}},"23":{"start":{"line":67,"column":8},"end":{"line":67,"column":15}},"24":{"start":{"line":70,"column":6},"end":{"line":70,"column":37}},"25":{"start":{"line":71,"column":24},"end":{"line":71,"column":79}},"26":{"start":{"line":74,"column":4},"end":{"line":74,"column":25}},"27":{"start":{"line":77,"column":2},"end":{"line":87,"column":4}}},"fnMap":{"0":{"name":"(anonymous_0)","decl":{"start":{"line":13,"column":40},"end":{"line":13,"column":41}},"loc":{"start":{"line":13,"column":52},"end":{"line":41,"column":1}},"line":13},"1":{"name":"registerBackgroundTask","decl":{"start":{"line":43,"column":15},"end":{"line":43,"column":37}},"loc":{"start":{"line":43,"column":40},"end":{"line":52,"column":1}},"line":43},"2":{"name":"RootLayout","decl":{"start":{"line":54,"column":24},"end":{"line":54,"column":34}},"loc":{"start":{"line":54,"column":37},"end":{"line":88,"column":1}},"line":54},"3":{"name":"(anonymous_3)","decl":{"start":{"line":55,"column":12},"end":{"line":55,"column":13}},"loc":{"start":{"line":55,"column":18},"end":{"line":75,"column":3}},"line":55},"4":{"name":"setupNotifications","decl":{"start":{"line":56,"column":19},"end":{"line":56,"column":37}},"loc":{"start":{"line":56,"column":40},"end":{"line":72,"column":5}},"line":56},"5":{"name":"(anonymous_5)","decl":{"start":{"line":58,"column":28},"end":{"line":58,"column":29}},"loc":{"start":{"line":58,"column":41},"end":{"line":62,"column":9}},"line":58}},"branchMap":{"0":{"loc":{"start":{"line":45,"column":2},"end":{"line":51,"column":3}},"type":"if","locations":[{"start":{"line":45,"column":2},"end":{"line":51,"column":3}},{"start":{},"end":{}}],"line":45},"1":{"loc":{"start":{"line":65,"column":6},"end":{"line":68,"column":7}},"type":"if","locations":[{"start":{"line":65,"column":6},"end":{"line":68,"column":7}},{"start":{},"end":{}}],"line":65}},"s":{"0":1,"1":1,"2":2,"3":2,"4":1,"5":1,"6":1,"7":1,"8":1,"9":1,"10":1,"11":1,"12":1,"13":1,"14":4,"15":4,"16":4,"17":4,"18":4,"19":0,"20":4,"21":4,"22":0,"23":0,"24":4,"25":4,"26":4,"27":4},"f":{"0":2,"1":4,"2":4,"3":4,"4":4,"5":0},"b":{"0":[4,0],"1":[0,4]},"_coverageSchema":"1a1c01bbd47fc00a2c39e90264f33305004495a9","hash":"8c6308675a207890c24a527ea08bb850bb7ae7de"}
,"C:\\Users\\Quentin\\Documents\\code projet\\noWaste\\app\\camera.tsx": {"path":"C:\\Users\\Quentin\\Documents\\code projet\\noWaste\\app\\camera.tsx","statementMap":{"0":{"start":{"line":8,"column":42},"end":{"line":8,"column":64}},"1":{"start":{"line":9,"column":32},"end":{"line":9,"column":47}},"2":{"start":{"line":10,"column":38},"end":{"line":10,"column":53}},"3":{"start":{"line":11,"column":30},"end":{"line":11,"column":58}},"4":{"start":{"line":12,"column":17},"end":{"line":12,"column":28}},"5":{"start":{"line":14,"column":2},"end":{"line":16,"column":3}},"6":{"start":{"line":15,"column":4},"end":{"line":15,"column":20}},"7":{"start":{"line":18,"column":2},"end":{"line":25,"column":3}},"8":{"start":{"line":19,"column":4},"end":{"line":24,"column":6}},"9":{"start":{"line":27,"column":31},"end":{"line":49,"column":3}},"10":{"start":{"line":28,"column":4},"end":{"line":28,"column":38}},"11":{"start":{"line":28,"column":31},"end":{"line":28,"column":38}},"12":{"start":{"line":30,"column":4},"end":{"line":30,"column":21}},"13":{"start":{"line":31,"column":24},"end":{"line":31,"column":52}},"14":{"start":{"line":33,"column":4},"end":{"line":48,"column":5}},"15":{"start":{"line":34,"column":6},"end":{"line":37,"column":9}},"16":{"start":{"line":39,"column":6},"end":{"line":39,"column":26}},"17":{"start":{"line":40,"column":6},"end":{"line":47,"column":9}},"18":{"start":{"line":43,"column":12},"end":{"line":43,"column":33}},"19":{"start":{"line":44,"column":12},"end":{"line":44,"column":30}},"20":{"start":{"line":52,"column":4},"end":{"line":52,"column":66}},"21":{"start":{"line":52,"column":26},"end":{"line":52,"column":63}},"22":{"start":{"line":55,"column":2},"end":{"line":82,"column":4}},"23":{"start":{"line":85,"column":15},"end":{"line":241,"column":2}}},"fnMap":{"0":{"name":"CameraScreen","decl":{"start":{"line":7,"column":24},"end":{"line":7,"column":36}},"loc":{"start":{"line":7,"column":39},"end":{"line":83,"column":1}},"line":7},"1":{"name":"(anonymous_1)","decl":{"start":{"line":27,"column":31},"end":{"line":27,"column":32}},"loc":{"start":{"line":27,"column":89},"end":{"line":49,"column":3}},"line":27},"2":{"name":"(anonymous_2)","decl":{"start":{"line":42,"column":31},"end":{"line":42,"column":32}},"loc":{"start":{"line":42,"column":37},"end":{"line":45,"column":11}},"line":42},"3":{"name":"toggleCameraFacing","decl":{"start":{"line":51,"column":11},"end":{"line":51,"column":29}},"loc":{"start":{"line":51,"column":32},"end":{"line":53,"column":3}},"line":51},"4":{"name":"(anonymous_4)","decl":{"start":{"line":52,"column":14},"end":{"line":52,"column":15}},"loc":{"start":{"line":52,"column":26},"end":{"line":52,"column":63}},"line":52}},"branchMap":{"0":{"loc":{"start":{"line":14,"column":2},"end":{"line":16,"column":3}},"type":"if","locations":[{"start":{"line":14,"column":2},"end":{"line":16,"column":3}},{"start":{},"end":{}}],"line":14},"1":{"loc":{"start":{"line":18,"column":2},"end":{"line":25,"column":3}},"type":"if","locations":[{"start":{"line":18,"column":2},"end":{"line":25,"column":3}},{"start":{},"end":{}}],"line":18},"2":{"loc":{"start":{"line":28,"column":4},"end":{"line":28,"column":38}},"type":"if","locations":[{"start":{"line":28,"column":4},"end":{"line":28,"column":38}},{"start":{},"end":{}}],"line":28},"3":{"loc":{"start":{"line":28,"column":8},"end":{"line":28,"column":29}},"type":"binary-expr","locations":[{"start":{"line":28,"column":8},"end":{"line":28,"column":15}},{"start":{"line":28,"column":19},"end":{"line":28,"column":29}}],"line":28},"4":{"loc":{"start":{"line":33,"column":4},"end":{"line":48,"column":5}},"type":"if","locations":[{"start":{"line":33,"column":4},"end":{"line":48,"column":5}},{"start":{"line":38,"column":11},"end":{"line":48,"column":5}}],"line":33},"5":{"loc":{"start":{"line":52,"column":26},"end":{"line":52,"column":63}},"type":"cond-expr","locations":[{"start":{"line":52,"column":47},"end":{"line":52,"column":54}},{"start":{"line":52,"column":57},"end":{"line":52,"column":63}}],"line":52}},"s":{"0":1,"1":1,"2":1,"3":1,"4":1,"5":1,"6":0,"7":1,"8":0,"9":1,"10":0,"11":0,"12":0,"13":0,"14":0,"15":0,"16":0,"17":0,"18":0,"19":0,"20":0,"21":0,"22":1,"23":1},"f":{"0":1,"1":0,"2":0,"3":0,"4":0},"b":{"0":[0,1],"1":[0,1],"2":[0,0],"3":[0,0],"4":[0,0],"5":[0,0]},"_coverageSchema":"1a1c01bbd47fc00a2c39e90264f33305004495a9","hash":"a00ceeb1f6ef8e50e0043ecc5f2bdea1368b11ae"}
,"C:\\Users\\Quentin\\Documents\\code projet\\noWaste\\app\\date.tsx": {"path":"C:\\Users\\Quentin\\Documents\\code projet\\noWaste\\app\\date.tsx","statementMap":{"0":{"start":{"line":11,"column":17},"end":{"line":11,"column":28}},"1":{"start":{"line":12,"column":17},"end":{"line":12,"column":39}},"2":{"start":{"line":14,"column":2},"end":{"line":14,"column":32}},"3":{"start":{"line":16,"column":19},"end":{"line":16,"column":54}},"4":{"start":{"line":17,"column":26},"end":{"line":17,"column":46}},"5":{"start":{"line":18,"column":38},"end":{"line":18,"column":53}},"6":{"start":{"line":20,"column":27},"end":{"line":24,"column":3}},"7":{"start":{"line":21,"column":24},"end":{"line":21,"column":44}},"8":{"start":{"line":22,"column":4},"end":{"line":22,"column":25}},"9":{"start":{"line":23,"column":4},"end":{"line":23,"column":25}},"10":{"start":{"line":26,"column":21},"end":{"line":41,"column":3}},"11":{"start":{"line":27,"column":4},"end":{"line":40,"column":5}},"12":{"start":{"line":28,"column":20},"end":{"line":28,"column":49}},"13":{"start":{"line":29,"column":6},"end":{"line":35,"column":9}},"14":{"start":{"line":30,"column":8},"end":{"line":34,"column":11}},"15":{"start":{"line":36,"column":6},"end":{"line":36,"column":20}},"16":{"start":{"line":37,"column":6},"end":{"line":37,"column":27}},"17":{"start":{"line":39,"column":6},"end":{"line":39,"column":69}},"18":{"start":{"line":43,"column":2},"end":{"line":82,"column":4}},"19":{"start":{"line":51,"column":23},"end":{"line":51,"column":42}},"20":{"start":{"line":85,"column":15},"end":{"line":141,"column":2}}},"fnMap":{"0":{"name":"DateScreen","decl":{"start":{"line":10,"column":24},"end":{"line":10,"column":34}},"loc":{"start":{"line":10,"column":37},"end":{"line":83,"column":1}},"line":10},"1":{"name":"(anonymous_1)","decl":{"start":{"line":20,"column":27},"end":{"line":20,"column":28}},"loc":{"start":{"line":20,"column":62},"end":{"line":24,"column":3}},"line":20},"2":{"name":"(anonymous_2)","decl":{"start":{"line":26,"column":21},"end":{"line":26,"column":22}},"loc":{"start":{"line":26,"column":33},"end":{"line":41,"column":3}},"line":26},"3":{"name":"(anonymous_3)","decl":{"start":{"line":29,"column":18},"end":{"line":29,"column":19}},"loc":{"start":{"line":29,"column":24},"end":{"line":35,"column":7}},"line":29},"4":{"name":"(anonymous_4)","decl":{"start":{"line":51,"column":17},"end":{"line":51,"column":18}},"loc":{"start":{"line":51,"column":23},"end":{"line":51,"column":42}},"line":51}},"branchMap":{"0":{"loc":{"start":{"line":16,"column":19},"end":{"line":16,"column":54}},"type":"binary-expr","locations":[{"start":{"line":16,"column":19},"end":{"line":16,"column":34}},{"start":{"line":16,"column":38},"end":{"line":16,"column":54}}],"line":16},"1":{"loc":{"start":{"line":21,"column":24},"end":{"line":21,"column":44}},"type":"binary-expr","locations":[{"start":{"line":21,"column":24},"end":{"line":21,"column":36}},{"start":{"line":21,"column":40},"end":{"line":21,"column":44}}],"line":21},"2":{"loc":{"start":{"line":58,"column":7},"end":{"line":65,"column":7}},"type":"binary-expr","locations":[{"start":{"line":58,"column":7},"end":{"line":58,"column":17}},{"start":{"line":59,"column":8},"end":{"line":64,"column":10}}],"line":58}},"s":{"0":4,"1":4,"2":4,"3":4,"4":4,"5":4,"6":4,"7":0,"8":0,"9":0,"10":4,"11":1,"12":1,"13":1,"14":1,"15":1,"16":1,"17":0,"18":4,"19":1,"20":1},"f":{"0":4,"1":0,"2":1,"3":1,"4":1},"b":{"0":[4,0],"1":[0,0],"2":[4,1]},"_coverageSchema":"1a1c01bbd47fc00a2c39e90264f33305004495a9","hash":"8e4b0bdd08f1750a2c3bf3c736c1fdc85604c930"}
,"C:\\Users\\Quentin\\Documents\\code projet\\noWaste\\app\\food-name.tsx": {"path":"C:\\Users\\Quentin\\Documents\\code projet\\noWaste\\app\\food-name.tsx","statementMap":{"0":{"start":{"line":6,"column":24},"end":{"line":13,"column":1}},"1":{"start":{"line":16,"column":17},"end":{"line":16,"column":28}},"2":{"start":{"line":17,"column":17},"end":{"line":17,"column":39}},"3":{"start":{"line":18,"column":34},"end":{"line":18,"column":80}},"4":{"start":{"line":20,"column":26},"end":{"line":22,"column":3}},"5":{"start":{"line":21,"column":4},"end":{"line":21,"column":22}},"6":{"start":{"line":24,"column":21},"end":{"line":31,"column":3}},"7":{"start":{"line":25,"column":4},"end":{"line":30,"column":5}},"8":{"start":{"line":26,"column":6},"end":{"line":29,"column":9}},"9":{"start":{"line":33,"column":2},"end":{"line":87,"column":4}},"10":{"start":{"line":48,"column":12},"end":{"line":54,"column":31}},"11":{"start":{"line":51,"column":29},"end":{"line":51,"column":50}},"12":{"start":{"line":59,"column":12},"end":{"line":65,"column":31}},"13":{"start":{"line":62,"column":29},"end":{"line":62,"column":50}},"14":{"start":{"line":90,"column":15},"end":{"line":159,"column":2}}},"fnMap":{"0":{"name":"FoodNameScreen","decl":{"start":{"line":15,"column":24},"end":{"line":15,"column":38}},"loc":{"start":{"line":15,"column":41},"end":{"line":88,"column":1}},"line":15},"1":{"name":"(anonymous_1)","decl":{"start":{"line":20,"column":26},"end":{"line":20,"column":27}},"loc":{"start":{"line":20,"column":41},"end":{"line":22,"column":3}},"line":20},"2":{"name":"(anonymous_2)","decl":{"start":{"line":24,"column":21},"end":{"line":24,"column":22}},"loc":{"start":{"line":24,"column":27},"end":{"line":31,"column":3}},"line":24},"3":{"name":"(anonymous_3)","decl":{"start":{"line":47,"column":43},"end":{"line":47,"column":44}},"loc":{"start":{"line":48,"column":12},"end":{"line":54,"column":31}},"line":48},"4":{"name":"(anonymous_4)","decl":{"start":{"line":51,"column":23},"end":{"line":51,"column":24}},"loc":{"start":{"line":51,"column":29},"end":{"line":51,"column":50}},"line":51},"5":{"name":"(anonymous_5)","decl":{"start":{"line":58,"column":40},"end":{"line":58,"column":41}},"loc":{"start":{"line":59,"column":12},"end":{"line":65,"column":31}},"line":59},"6":{"name":"(anonymous_6)","decl":{"start":{"line":62,"column":23},"end":{"line":62,"column":24}},"loc":{"start":{"line":62,"column":29},"end":{"line":62,"column":50}},"line":62}},"branchMap":{"0":{"loc":{"start":{"line":18,"column":43},"end":{"line":18,"column":79}},"type":"binary-expr","locations":[{"start":{"line":18,"column":43},"end":{"line":18,"column":73}},{"start":{"line":18,"column":77},"end":{"line":18,"column":79}}],"line":18},"1":{"loc":{"start":{"line":25,"column":4},"end":{"line":30,"column":5}},"type":"if","locations":[{"start":{"line":25,"column":4},"end":{"line":30,"column":5}},{"start":{},"end":{}}],"line":25},"2":{"loc":{"start":{"line":77,"column":9},"end":{"line":84,"column":9}},"type":"binary-expr","locations":[{"start":{"line":77,"column":9},"end":{"line":77,"column":24}},{"start":{"line":78,"column":10},"end":{"line":83,"column":29}}],"line":77}},"s":{"0":1,"1":4,"2":4,"3":4,"4":4,"5":1,"6":4,"7":1,"8":1,"9":4,"10":12,"11":1,"12":12,"13":0,"14":1},"f":{"0":4,"1":1,"2":1,"3":12,"4":1,"5":12,"6":0},"b":{"0":[4,0],"1":[1,0],"2":[4,4]},"_coverageSchema":"1a1c01bbd47fc00a2c39e90264f33305004495a9","hash":"6f48909dcea37c83b64aa7fce8896158356d37a4"}
,"C:\\Users\\Quentin\\Documents\\code projet\\noWaste\\app\\index.tsx": {"path":"C:\\Users\\Quentin\\Documents\\code projet\\noWaste\\app\\index.tsx","statementMap":{"0":{"start":{"line":7,"column":4},"end":{"line":55,"column":6}},"1":{"start":{"line":58,"column":15},"end":{"line":216,"column":2}}},"fnMap":{"0":{"name":"HomeScreen","decl":{"start":{"line":6,"column":24},"end":{"line":6,"column":34}},"loc":{"start":{"line":6,"column":37},"end":{"line":56,"column":1}},"line":6}},"branchMap":{},"s":{"0":0,"1":1},"f":{"0":0},"b":{},"_coverageSchema":"1a1c01bbd47fc00a2c39e90264f33305004495a9","hash":"67b5c3b9bdf57d9acd06f6395b3271369ab2a727"}
,"C:\\Users\\Quentin\\Documents\\code projet\\noWaste\\app\\list.tsx": {"path":"C:\\Users\\Quentin\\Documents\\code projet\\noWaste\\app\\list.tsx","statementMap":{"0":{"start":{"line":10,"column":28},"end":{"line":10,"column":51}},"1":{"start":{"line":11,"column":44},"end":{"line":11,"column":72}},"2":{"start":{"line":12,"column":16},"end":{"line":12,"column":26}},"3":{"start":{"line":14,"column":2},"end":{"line":52,"column":9}},"4":{"start":{"line":15,"column":30},"end":{"line":15,"column":34}},"5":{"start":{"line":17,"column":22},"end":{"line":42,"column":5}},"6":{"start":{"line":18,"column":6},"end":{"line":41,"column":7}},"7":{"start":{"line":19,"column":18},"end":{"line":19,"column":47}},"8":{"start":{"line":20,"column":8},"end":{"line":20,"column":18}},"9":{"start":{"line":21,"column":8},"end":{"line":21,"column":28}},"10":{"start":{"line":23,"column":25},"end":{"line":23,"column":54}},"11":{"start":{"line":25,"column":28},"end":{"line":27,"column":9}},"12":{"start":{"line":26,"column":10},"end":{"line":26,"column":34}},"13":{"start":{"line":29,"column":8},"end":{"line":29,"column":22}},"14":{"start":{"line":31,"column":8},"end":{"line":31,"column":45}},"15":{"start":{"line":33,"column":8},"end":{"line":38,"column":10}},"16":{"start":{"line":34,"column":10},"end":{"line":37,"column":11}},"17":{"start":{"line":35,"column":12},"end":{"line":35,"column":39}},"18":{"start":{"line":36,"column":12},"end":{"line":36,"column":26}},"19":{"start":{"line":40,"column":8},"end":{"line":40,"column":58}},"20":{"start":{"line":44,"column":4},"end":{"line":44,"column":16}},"21":{"start":{"line":46,"column":4},"end":{"line":51,"column":6}},"22":{"start":{"line":47,"column":6},"end":{"line":50,"column":7}},"23":{"start":{"line":48,"column":8},"end":{"line":48,"column":43}},"24":{"start":{"line":49,"column":8},"end":{"line":49,"column":30}},"25":{"start":{"line":54,"column":21},"end":{"line":57,"column":25}},"26":{"start":{"line":55,"column":4},"end":{"line":57,"column":25}},"27":{"start":{"line":59,"column":21},"end":{"line":59,"column":58}},"28":{"start":{"line":59,"column":46},"end":{"line":59,"column":58}},"29":{"start":{"line":61,"column":23},"end":{"line":70,"column":3}},"30":{"start":{"line":62,"column":4},"end":{"line":69,"column":5}},"31":{"start":{"line":63,"column":6},"end":{"line":68,"column":9}},"32":{"start":{"line":64,"column":25},"end":{"line":64,"column":82}},"33":{"start":{"line":65,"column":8},"end":{"line":67,"column":9}},"34":{"start":{"line":66,"column":10},"end":{"line":66,"column":41}},"35":{"start":{"line":72,"column":21},"end":{"line":89,"column":3}},"36":{"start":{"line":73,"column":4},"end":{"line":88,"column":11}},"37":{"start":{"line":85,"column":39},"end":{"line":85,"column":60}},"38":{"start":{"line":91,"column":20},"end":{"line":91,"column":73}},"39":{"start":{"line":91,"column":41},"end":{"line":91,"column":72}},"40":{"start":{"line":92,"column":22},"end":{"line":92,"column":76}},"41":{"start":{"line":92,"column":43},"end":{"line":92,"column":75}},"42":{"start":{"line":94,"column":2},"end":{"line":124,"column":4}},"43":{"start":{"line":101,"column":32},"end":{"line":101,"column":39}},"44":{"start":{"line":113,"column":32},"end":{"line":113,"column":39}},"45":{"start":{"line":127,"column":15},"end":{"line":201,"column":2}}},"fnMap":{"0":{"name":"ListScreen","decl":{"start":{"line":9,"column":24},"end":{"line":9,"column":34}},"loc":{"start":{"line":9,"column":37},"end":{"line":125,"column":1}},"line":9},"1":{"name":"(anonymous_1)","decl":{"start":{"line":14,"column":12},"end":{"line":14,"column":13}},"loc":{"start":{"line":14,"column":18},"end":{"line":52,"column":3}},"line":14},"2":{"name":"(anonymous_2)","decl":{"start":{"line":17,"column":22},"end":{"line":17,"column":23}},"loc":{"start":{"line":17,"column":34},"end":{"line":42,"column":5}},"line":17},"3":{"name":"(anonymous_3)","decl":{"start":{"line":25,"column":28},"end":{"line":25,"column":29}},"loc":{"start":{"line":25,"column":34},"end":{"line":27,"column":9}},"line":25},"4":{"name":"(anonymous_4)","decl":{"start":{"line":33,"column":15},"end":{"line":33,"column":16}},"loc":{"start":{"line":33,"column":21},"end":{"line":38,"column":9}},"line":33},"5":{"name":"(anonymous_5)","decl":{"start":{"line":46,"column":11},"end":{"line":46,"column":12}},"loc":{"start":{"line":46,"column":17},"end":{"line":51,"column":5}},"line":46},"6":{"name":"(anonymous_6)","decl":{"start":{"line":54,"column":21},"end":{"line":54,"column":22}},"loc":{"start":{"line":55,"column":4},"end":{"line":57,"column":25}},"line":55},"7":{"name":"(anonymous_7)","decl":{"start":{"line":59,"column":21},"end":{"line":59,"column":22}},"loc":{"start":{"line":59,"column":46},"end":{"line":59,"column":58}},"line":59},"8":{"name":"(anonymous_8)","decl":{"start":{"line":61,"column":23},"end":{"line":61,"column":24}},"loc":{"start":{"line":61,"column":39},"end":{"line":70,"column":3}},"line":61},"9":{"name":"(anonymous_9)","decl":{"start":{"line":63,"column":26},"end":{"line":63,"column":27}},"loc":{"start":{"line":63,"column":32},"end":{"line":68,"column":7}},"line":63},"10":{"name":"(anonymous_10)","decl":{"start":{"line":72,"column":21},"end":{"line":72,"column":22}},"loc":{"start":{"line":73,"column":4},"end":{"line":88,"column":11}},"line":73},"11":{"name":"(anonymous_11)","decl":{"start":{"line":85,"column":33},"end":{"line":85,"column":34}},"loc":{"start":{"line":85,"column":39},"end":{"line":85,"column":60}},"line":85},"12":{"name":"(anonymous_12)","decl":{"start":{"line":91,"column":33},"end":{"line":91,"column":34}},"loc":{"start":{"line":91,"column":41},"end":{"line":91,"column":72}},"line":91},"13":{"name":"(anonymous_13)","decl":{"start":{"line":92,"column":35},"end":{"line":92,"column":36}},"loc":{"start":{"line":92,"column":43},"end":{"line":92,"column":75}},"line":92},"14":{"name":"(anonymous_14)","decl":{"start":{"line":101,"column":24},"end":{"line":101,"column":25}},"loc":{"start":{"line":101,"column":32},"end":{"line":101,"column":39}},"line":101},"15":{"name":"(anonymous_15)","decl":{"start":{"line":113,"column":24},"end":{"line":113,"column":25}},"loc":{"start":{"line":113,"column":32},"end":{"line":113,"column":39}},"line":113}},"branchMap":{"0":{"loc":{"start":{"line":34,"column":10},"end":{"line":37,"column":11}},"type":"if","locations":[{"start":{"line":34,"column":10},"end":{"line":37,"column":11}},{"start":{},"end":{}}],"line":34},"1":{"loc":{"start":{"line":34,"column":14},"end":{"line":34,"column":38}},"type":"binary-expr","locations":[{"start":{"line":34,"column":14},"end":{"line":34,"column":19}},{"start":{"line":34,"column":23},"end":{"line":34,"column":38}}],"line":34},"2":{"loc":{"start":{"line":47,"column":6},"end":{"line":50,"column":7}},"type":"if","locations":[{"start":{"line":47,"column":6},"end":{"line":50,"column":7}},{"start":{},"end":{}}],"line":47},"3":{"loc":{"start":{"line":47,"column":10},"end":{"line":47,"column":50}},"type":"binary-expr","locations":[{"start":{"line":47,"column":10},"end":{"line":47,"column":23}},{"start":{"line":47,"column":27},"end":{"line":47,"column":50}}],"line":47},"4":{"loc":{"start":{"line":62,"column":4},"end":{"line":69,"column":5}},"type":"if","locations":[{"start":{"line":62,"column":4},"end":{"line":69,"column":5}},{"start":{},"end":{}}],"line":62},"5":{"loc":{"start":{"line":65,"column":8},"end":{"line":67,"column":9}},"type":"if","locations":[{"start":{"line":65,"column":8},"end":{"line":67,"column":9}},{"start":{},"end":{}}],"line":65},"6":{"loc":{"start":{"line":80,"column":10},"end":{"line":80,"column":79}},"type":"cond-expr","locations":[{"start":{"line":80,"column":44},"end":{"line":80,"column":59}},{"start":{"line":80,"column":62},"end":{"line":80,"column":79}}],"line":80}},"s":{"0":0,"1":0,"2":0,"3":0,"4":0,"5":0,"6":0,"7":0,"8":0,"9":0,"10":0,"11":0,"12":0,"13":0,"14":0,"15":0,"16":0,"17":0,"18":0,"19":0,"20":0,"21":0,"22":0,"23":0,"24":0,"25":0,"26":0,"27":0,"28":0,"29":0,"30":0,"31":0,"32":0,"33":0,"34":0,"35":0,"36":0,"37":0,"38":0,"39":0,"40":0,"41":0,"42":0,"43":0,"44":0,"45":1},"f":{"0":0,"1":0,"2":0,"3":0,"4":0,"5":0,"6":0,"7":0,"8":0,"9":0,"10":0,"11":0,"12":0,"13":0,"14":0,"15":0},"b":{"0":[0,0],"1":[0,0],"2":[0,0],"3":[0,0],"4":[0,0],"5":[0,0],"6":[0,0]},"_coverageSchema":"1a1c01bbd47fc00a2c39e90264f33305004495a9","hash":"944d8300e21ce727f4b98553c321927f26797ca3"}
,"C:\\Users\\Quentin\\Documents\\code projet\\noWaste\\services\\openFoodFacts.ts": {"path":"C:\\Users\\Quentin\\Documents\\code projet\\noWaste\\services\\openFoodFacts.ts","statementMap":{"0":{"start":{"line":1,"column":32},"end":{"line":14,"column":1}},"1":{"start":{"line":2,"column":4},"end":{"line":13,"column":5}},"2":{"start":{"line":3,"column":25},"end":{"line":3,"column":102}},"3":{"start":{"line":4,"column":21},"end":{"line":4,"column":42}},"4":{"start":{"line":5,"column":8},"end":{"line":9,"column":9}},"5":{"start":{"line":6,"column":12},"end":{"line":6,"column":68}},"6":{"start":{"line":8,"column":12},"end":{"line":8,"column":24}},"7":{"start":{"line":11,"column":8},"end":{"line":11,"column":61}},"8":{"start":{"line":12,"column":8},"end":{"line":12,"column":20}}},"fnMap":{"0":{"name":"(anonymous_0)","decl":{"start":{"line":1,"column":32},"end":{"line":1,"column":33}},"loc":{"start":{"line":1,"column":59},"end":{"line":14,"column":1}},"line":1}},"branchMap":{"0":{"loc":{"start":{"line":5,"column":8},"end":{"line":9,"column":9}},"type":"if","locations":[{"start":{"line":5,"column":8},"end":{"line":9,"column":9}},{"start":{"line":7,"column":15},"end":{"line":9,"column":9}}],"line":5},"1":{"loc":{"start":{"line":6,"column":19},"end":{"line":6,"column":67}},"type":"binary-expr","locations":[{"start":{"line":6,"column":19},"end":{"line":6,"column":44}},{"start":{"line":6,"column":48},"end":{"line":6,"column":67}}],"line":6}},"s":{"0":1,"1":4,"2":4,"3":3,"4":2,"5":0,"6":2,"7":2,"8":2},"f":{"0":4},"b":{"0":[0,2],"1":[0,0]},"_coverageSchema":"1a1c01bbd47fc00a2c39e90264f33305004495a9","hash":"e6cbb8627113877ac41b756a513f39db62f9cfc0"}
}
