TN:
SF:app\_layout.tsx
FN:13,(anonymous_0)
FN:43,registerBackgroundTask
FN:54,RootLayout
FN:55,(anonymous_3)
FN:56,setupNotifications
FN:58,(anonymous_5)
FNF:6
FNH:5
FNDA:2,(anonymous_0)
FNDA:4,registerBackgroundTask
FNDA:4,RootLayout
FNDA:4,(anonymous_3)
FNDA:4,setupNotifications
FNDA:0,(anonymous_5)
DA:11,1
DA:13,1
DA:14,2
DA:15,2
DA:16,1
DA:17,1
DA:18,1
DA:20,1
DA:24,1
DA:25,1
DA:35,1
DA:36,1
DA:38,1
DA:39,1
DA:44,4
DA:45,4
DA:46,4
DA:55,4
DA:57,4
DA:58,0
DA:64,4
DA:65,4
DA:66,0
DA:67,0
DA:70,4
DA:71,4
DA:74,4
DA:77,4
LF:28
LH:25
BRDA:45,0,0,4
BRDA:45,0,1,0
BRDA:65,1,0,0
BRDA:65,1,1,4
BRF:4
BRH:2
end_of_record
TN:
SF:app\camera.tsx
FN:7,CameraScreen
FN:27,(anonymous_1)
FN:42,(anonymous_2)
FN:51,toggleCameraFacing
FN:52,(anonymous_4)
FNF:5
FNH:1
FNDA:1,CameraScreen
FNDA:0,(anonymous_1)
FNDA:0,(anonymous_2)
FNDA:0,toggleCameraFacing
FNDA:0,(anonymous_4)
DA:8,1
DA:9,1
DA:10,1
DA:11,1
DA:12,1
DA:14,1
DA:15,0
DA:18,1
DA:19,0
DA:27,1
DA:28,0
DA:30,0
DA:31,0
DA:33,0
DA:34,0
DA:39,0
DA:40,0
DA:43,0
DA:44,0
DA:52,0
DA:55,1
DA:85,1
LF:22
LH:10
BRDA:14,0,0,0
BRDA:14,0,1,1
BRDA:18,1,0,0
BRDA:18,1,1,1
BRDA:28,2,0,0
BRDA:28,2,1,0
BRDA:28,3,0,0
BRDA:28,3,1,0
BRDA:33,4,0,0
BRDA:33,4,1,0
BRDA:52,5,0,0
BRDA:52,5,1,0
BRF:12
BRH:2
end_of_record
TN:
SF:app\date.tsx
FN:10,DateScreen
FN:20,(anonymous_1)
FN:26,(anonymous_2)
FN:29,(anonymous_3)
FN:51,(anonymous_4)
FNF:5
FNH:4
FNDA:4,DateScreen
FNDA:0,(anonymous_1)
FNDA:1,(anonymous_2)
FNDA:1,(anonymous_3)
FNDA:1,(anonymous_4)
DA:11,4
DA:12,4
DA:14,4
DA:16,4
DA:17,4
DA:18,4
DA:20,4
DA:21,0
DA:22,0
DA:23,0
DA:26,4
DA:27,1
DA:28,1
DA:29,1
DA:30,1
DA:36,1
DA:37,1
DA:39,0
DA:43,4
DA:51,1
DA:85,1
LF:21
LH:17
BRDA:16,0,0,4
BRDA:16,0,1,0
BRDA:21,1,0,0
BRDA:21,1,1,0
BRDA:58,2,0,4
BRDA:58,2,1,1
BRF:6
BRH:3
end_of_record
TN:
SF:app\food-name.tsx
FN:15,FoodNameScreen
FN:20,(anonymous_1)
FN:24,(anonymous_2)
FN:47,(anonymous_3)
FN:51,(anonymous_4)
FN:58,(anonymous_5)
FN:62,(anonymous_6)
FNF:7
FNH:6
FNDA:4,FoodNameScreen
FNDA:1,(anonymous_1)
FNDA:1,(anonymous_2)
FNDA:12,(anonymous_3)
FNDA:1,(anonymous_4)
FNDA:12,(anonymous_5)
FNDA:0,(anonymous_6)
DA:6,1
DA:16,4
DA:17,4
DA:18,4
DA:20,4
DA:21,1
DA:24,4
DA:25,1
DA:26,1
DA:33,4
DA:48,12
DA:51,1
DA:59,12
DA:62,0
DA:90,1
LF:15
LH:14
BRDA:18,0,0,4
BRDA:18,0,1,0
BRDA:25,1,0,1
BRDA:25,1,1,0
BRDA:77,2,0,4
BRDA:77,2,1,4
BRF:6
BRH:4
end_of_record
TN:
SF:app\index.tsx
FN:6,HomeScreen
FNF:1
FNH:0
FNDA:0,HomeScreen
DA:7,0
DA:58,1
LF:2
LH:1
BRF:0
BRH:0
end_of_record
TN:
SF:app\list.tsx
FN:9,ListScreen
FN:14,(anonymous_1)
FN:17,(anonymous_2)
FN:25,(anonymous_3)
FN:33,(anonymous_4)
FN:46,(anonymous_5)
FN:54,(anonymous_6)
FN:59,(anonymous_7)
FN:61,(anonymous_8)
FN:63,(anonymous_9)
FN:72,(anonymous_10)
FN:85,(anonymous_11)
FN:91,(anonymous_12)
FN:92,(anonymous_13)
FN:101,(anonymous_14)
FN:113,(anonymous_15)
FNF:16
FNH:0
FNDA:0,ListScreen
FNDA:0,(anonymous_1)
FNDA:0,(anonymous_2)
FNDA:0,(anonymous_3)
FNDA:0,(anonymous_4)
FNDA:0,(anonymous_5)
FNDA:0,(anonymous_6)
FNDA:0,(anonymous_7)
FNDA:0,(anonymous_8)
FNDA:0,(anonymous_9)
FNDA:0,(anonymous_10)
FNDA:0,(anonymous_11)
FNDA:0,(anonymous_12)
FNDA:0,(anonymous_13)
FNDA:0,(anonymous_14)
FNDA:0,(anonymous_15)
DA:10,0
DA:11,0
DA:12,0
DA:14,0
DA:15,0
DA:17,0
DA:18,0
DA:19,0
DA:20,0
DA:21,0
DA:23,0
DA:25,0
DA:26,0
DA:29,0
DA:31,0
DA:33,0
DA:34,0
DA:35,0
DA:36,0
DA:40,0
DA:44,0
DA:46,0
DA:47,0
DA:48,0
DA:49,0
DA:54,0
DA:55,0
DA:59,0
DA:61,0
DA:62,0
DA:63,0
DA:64,0
DA:65,0
DA:66,0
DA:72,0
DA:73,0
DA:85,0
DA:91,0
DA:92,0
DA:94,0
DA:101,0
DA:113,0
DA:127,1
LF:43
LH:1
BRDA:34,0,0,0
BRDA:34,0,1,0
BRDA:34,1,0,0
BRDA:34,1,1,0
BRDA:47,2,0,0
BRDA:47,2,1,0
BRDA:47,3,0,0
BRDA:47,3,1,0
BRDA:62,4,0,0
BRDA:62,4,1,0
BRDA:65,5,0,0
BRDA:65,5,1,0
BRDA:80,6,0,0
BRDA:80,6,1,0
BRF:14
BRH:0
end_of_record
TN:
SF:services\openFoodFacts.ts
FN:1,(anonymous_0)
FNF:1
FNH:1
FNDA:4,(anonymous_0)
DA:1,1
DA:2,4
DA:3,4
DA:4,3
DA:5,2
DA:6,0
DA:8,2
DA:11,2
DA:12,2
LF:9
LH:8
BRDA:5,0,0,0
BRDA:5,0,1,2
BRDA:6,1,0,0
BRDA:6,1,1,0
BRF:4
BRH:1
end_of_record
